<?xml version="1.0" encoding="UTF-8"?>
<!-- Generated by org.testng.reporters.JUnitXMLReporter -->
<testsuite ignored="0" hostname="DESKTOP-VRQ77ON" failures="0" tests="4" name="Default test" time="63.726" errors="0" timestamp="2024-08-06T12:11:58 IST">
  <testcase classname="Training_FW.SeleniumFramework.tests.ItemAddtoCartAndverify_TC1" name="selectItem" time="13.197"/>
  <testcase classname="Training_FW.SeleniumFramework.tests.ItemAddtoCartAndverify_TC1" name="selectItem" time="13.003"/>
  <testcase classname="Training_FW.SeleniumFramework.tests.ItemAddtoCartAndverify_TC1" name="verifyOrderHistoryTest" time="6.167"/>
  <testcase classname="Training_FW.SeleniumFramework.tests.ItemAddtoCartAndverify_TC1" name="verifyOrderHistoryTest" time="6.076"/>
</testsuite> <!-- Default test -->
