<?xml version="1.0" encoding="UTF-8"?>
<!-- Generated by org.testng.reporters.JUnitXMLReporter -->
<testsuite ignored="0" hostname="DESKTOP-VRQ77ON" failures="0" tests="4" name="EndToEndTest" time="148.571" errors="0" timestamp="2024-08-13T14:12:38 IST">
  <testcase classname="Training_FW.SeleniumFramework.tests.ItemAddtoCartAndverify_TC1" name="selectItem" time="12.491"/>
  <testcase classname="Training_FW.SeleniumFramework.tests.ItemAddtoCartAndverify_TC1" name="selectItem" time="12.321"/>
  <testcase classname="Training_FW.SeleniumFramework.tests.ItemAddtoCartAndverify_TC1" name="verifyOrderHistoryTest" time="5.945"/>
  <testcase classname="Training_FW.SeleniumFramework.tests.ItemAddtoCartAndverify_TC1" name="verifyOrderHistoryTest" time="5.823"/>
</testsuite> <!-- EndToEndTest -->
