<?xml version="1.0" encoding="UTF-8"?>
<testng-results ignored="0" total="1" passed="1" failed="0" skipped="0">
  <reporter-output>
  </reporter-output>
  <suite started-at="2024-08-20T15:14:29 IST" name="ErrorValidationSuite" finished-at="2024-08-20T15:14:35 IST" duration-ms="6750">
    <groups>
    </groups>
    <test started-at="2024-08-20T15:14:29 IST" name="errorvalidationTest" finished-at="2024-08-20T15:14:35 IST" duration-ms="6750">
      <class name="Training_FW.SeleniumFramework.tests.ErrorValidation_TC2">
        <test-method is-config="true" signature="launchApplication()[pri:0, instance:Training_FW.SeleniumFramework.tests.ErrorValidation_TC2@22f59fa]" started-at="2024-08-20T15:14:29 IST" name="launchApplication" finished-at="2024-08-20T15:14:34 IST" duration-ms="5591" status="PASS">
          <reporter-output>
          </reporter-output>
        </test-method> <!-- launchApplication -->
        <test-method signature="errorValidationForLogin()[pri:0, instance:Training_FW.SeleniumFramework.tests.ErrorValidation_TC2@22f59fa]" started-at="2024-08-20T15:14:34 IST" name="errorValidationForLogin" finished-at="2024-08-20T15:14:35 IST" duration-ms="1065" status="PASS">
          <reporter-output>
          </reporter-output>
        </test-method> <!-- errorValidationForLogin -->
        <test-method is-config="true" signature="tearDown()[pri:0, instance:Training_FW.SeleniumFramework.tests.ErrorValidation_TC2@22f59fa]" started-at="2024-08-20T15:14:35 IST" name="tearDown" finished-at="2024-08-20T15:14:35 IST" duration-ms="39" status="PASS">
          <reporter-output>
          </reporter-output>
        </test-method> <!-- tearDown -->
      </class> <!-- Training_FW.SeleniumFramework.tests.ErrorValidation_TC2 -->
    </test> <!-- errorvalidationTest -->
  </suite> <!-- ErrorValidationSuite -->
</testng-results>
